env: load .env
env: export EXPO_PUBLIC_API_URL
React Compiler enabled
Starting Metro Bundler
Static rendering is enabled. Learn more: https://docs.expo.dev/router/reference/static-rendering/
Web node_modules\expo-router\entry.js ΓûôΓûôΓûôΓûôΓûôΓûôΓûôΓûôΓûôΓûôΓûôΓûôΓûôΓûæΓûæΓûæ 81.3% (1099/1219)
╬╗ node_modules\expo-router\node\render.js ΓûôΓûôΓûôΓûôΓûôΓûôΓûôΓûôΓûôΓûôΓûôΓûôΓûæΓûæΓûæΓûæ 80.3% (1064/1187)
╬╗ Bundled 1710ms node_modules\expo-router\node\render.js (1553 modules)
[expo-notifications] Listening to push token changes is not yet fully supported on web. Adding a listener will have no effect.
(node:22840) Warning: `--localstorage-file` was provided without a valid path
(Use `node --trace-warnings ...` to show where the warning was created)
C:\Users\1040g\Desktop\CardReign\node_modules\@expo\cli\build\src\utils\errors.js:130
    throw error;
    ^

TypeError: localStorage.getItem is not a function
    at Object.getRegistrationInfoAsync (C:\Users\1040g\Desktop\CardReign\node_modules\expo-notifications\build\ServerRegistrationModule.web.js:28:29)
    at factory (C:\Users\1040g\Desktop\CardReign\node_modules\expo-notifications\build\DevicePushTokenAutoRegistration.fx.js:84:30)
    at loadModuleImplementation (C:\Users\1040g\Desktop\CardReign\node_modules\@expo\cli\build\metro-require\require.js:248:36)
    at guardedLoadModule (C:\Users\1040g\Desktop\CardReign\node_modules\@expo\cli\build\metro-require\require.js:163:16)
    at r (C:\Users\1040g\Desktop\CardReign\node_modules\@expo\cli\build\metro-require\require.js:74:75)
    at factory (C:\Users\1040g\Desktop\CardReign\node_modules\expo-notifications\build\getExpoPushTokenAsync.js:4:1)
    at loadModuleImplementation (C:\Users\1040g\Desktop\CardReign\node_modules\@expo\cli\build\metro-require\require.js:248:36)
    at guardedLoadModule (C:\Users\1040g\Desktop\CardReign\node_modules\@expo\cli\build\metro-require\require.js:163:16)
    at r (C:\Users\1040g\Desktop\CardReign\node_modules\@expo\cli\build\metro-require\require.js:74:75)
    at C:\Users\1040g\Desktop\CardReign\node_modules\expo-notifications\build\index.js:12:1

Node.js v25.2.1
